[2013-11-07 10:29:13] START
[2013-11-07 11:18:46] EDIT Books/models/db.py: 13
[2013-11-07 11:18:46] EDIT Books/models/db.py: 0
[2013-11-07 11:19:19] EDIT Books/models/db.py: 0
[2013-11-07 11:20:51] EDIT Books/models/db.py: 0
[2013-11-07 11:20:53] EDIT Books/models/db.py: 0
[2013-11-07 11:21:46] EDIT Books/models/db.py: 0
[2013-11-07 11:25:52] EDIT Books/models/db.py: 1
[2013-11-07 11:25:53] EDIT Books/models/db.py: 0
[2013-11-07 11:25:53] EDIT Books/models/db.py: 0
[2013-11-07 11:29:46] CREATE publish.py: 0
[2013-11-07 11:44:12] CREATE publish.html: 0
[2013-11-07 14:32:29] EDIT Books/models/db.py: 0
[2013-11-07 14:33:30] EDIT Books/models/db.py: 0
[2013-11-07 14:33:44] EDIT Books/models/db.py: 0
[2013-11-07 14:35:57] EDIT Books/models/db.py: 0
[2013-11-07 18:53:54] EDIT Books/models/db.py: -2
[2013-11-07 18:53:55] EDIT Books/models/db.py: 0
[2013-11-07 18:53:55] EDIT Books/models/db.py: 0
[2013-11-07 18:53:55] EDIT Books/models/db.py: 0
[2013-11-07 18:53:55] EDIT Books/models/db.py: 0
[2013-11-07 18:53:55] EDIT Books/models/db.py: 0
[2013-11-07 18:53:55] EDIT Books/models/db.py: 0
[2013-11-07 18:53:55] EDIT Books/models/db.py: 0
[2013-11-07 18:53:55] EDIT Books/models/db.py: 0
[2013-11-07 18:53:55] EDIT Books/models/db.py: 0
[2013-11-07 18:53:55] EDIT Books/models/db.py: 0
[2013-11-07 18:53:55] EDIT Books/models/db.py: 0
[2013-11-07 19:09:22] EDIT Books/controllers/publish.py: 6
[2013-11-07 19:10:03] EDIT Books/models/db.py: 0
[2013-11-07 19:11:03] EDIT Books/controllers/publish.py: 0
[2013-11-07 19:12:53] EDIT Books/controllers/publish.py: 0
[2013-11-07 19:13:02] EDIT Books/controllers/publish.py: 0
[2013-11-07 19:22:56] DELETE Books/controllers/publish.py: -7
[2013-11-07 19:23:39] CREATE book.py: 0
[2013-11-07 19:25:44] EDIT Books/controllers/book.py: 6
[2013-11-07 19:29:04] EDIT Books/controllers/book.py: 0
[2013-11-09 00:41:30] EDIT Books/controllers/book.py: 2
[2013-11-09 00:42:17] EDIT Books/controllers/book.py: -1
[2013-11-09 01:07:45] EDIT Books/controllers/book.py: 1
[2013-11-09 01:16:34] EDIT Books/models/db.py: 0
[2013-11-09 01:18:52] EDIT Books/models/db.py: 2
[2013-11-09 01:20:25] EDIT Books/models/db.py: 0
[2013-11-09 01:22:02] EDIT Books/models/db.py: 0
[2013-11-09 13:51:07] EDIT Books/models/db.py: 0
[2013-11-09 13:53:28] EDIT Books/controllers/book.py: 0
[2013-11-09 13:54:17] EDIT Books/models/db.py: 0
[2013-11-09 13:54:18] EDIT Books/models/db.py: 0
[2013-11-09 13:54:18] EDIT Books/models/db.py: 0
[2013-11-09 13:54:19] EDIT Books/models/db.py: 0
[2013-11-09 13:54:19] EDIT Books/models/db.py: 0
[2013-11-09 13:54:19] EDIT Books/models/db.py: 0
[2013-11-09 13:54:19] EDIT Books/models/db.py: 0
[2013-11-09 13:54:19] EDIT Books/models/db.py: 0
[2013-11-09 14:00:23] EDIT Books/controllers/book.py: 0
[2013-11-09 14:00:25] EDIT Books/controllers/book.py: 0
[2013-11-09 14:00:27] EDIT Books/controllers/book.py: 0
[2013-11-09 15:04:06] EDIT Books/models/db.py: 0
[2013-11-09 15:04:29] EDIT Books/models/db.py: 0
[2013-11-09 15:04:29] EDIT Books/models/db.py: 0
[2013-11-09 15:04:30] EDIT Books/models/db.py: 0
[2013-11-09 15:04:51] EDIT Books/models/db.py: 0
[2013-11-09 15:05:10] EDIT Books/models/db.py: 0
[2013-11-09 15:06:58] EDIT Books/controllers/book.py: 0
[2013-11-09 15:07:07] EDIT Books/controllers/book.py: 0
[2013-11-09 15:07:08] EDIT Books/controllers/book.py: 0
[2013-11-09 15:07:08] EDIT Books/controllers/book.py: 0
[2013-11-09 15:07:08] EDIT Books/controllers/book.py: 0
[2013-11-09 15:07:08] EDIT Books/controllers/book.py: 0
[2013-11-09 15:07:09] EDIT Books/controllers/book.py: 0
[2013-11-09 15:07:09] EDIT Books/controllers/book.py: 0
[2013-11-09 15:09:54] EDIT Books/controllers/book.py: 0
[2013-11-09 15:51:34] EDIT Books/controllers/book.py: 1
[2013-11-09 15:53:16] EDIT Books/controllers/book.py: 0
[2013-11-09 15:53:44] EDIT Books/controllers/book.py: 0
[2013-11-09 15:54:47] EDIT Books/controllers/book.py: -2
[2013-11-09 16:03:38] EDIT Books/models/db.py: -4
[2013-11-09 16:03:39] EDIT Books/models/db.py: 0
[2013-11-09 16:03:39] EDIT Books/models/db.py: 0
[2013-11-09 16:03:40] EDIT Books/models/db.py: 0
[2013-11-09 16:03:40] EDIT Books/models/db.py: 0
[2013-11-09 16:04:31] EDIT Books/controllers/book.py: 1
[2013-11-09 16:04:56] EDIT Books/controllers/book.py: 0
[2013-11-09 16:05:16] EDIT Books/controllers/book.py: 0
[2013-11-09 16:06:18] EDIT Books/controllers/book.py: 0
[2013-11-09 16:07:47] EDIT Books/models/db.py: 0
[2013-11-09 16:09:10] EDIT Books/models/db.py: 0
[2013-11-09 16:09:24] EDIT Books/models/db.py: 0
[2013-11-09 16:10:40] EDIT Books/controllers/book.py: 0
[2013-11-09 16:24:20] EDIT Books/controllers/book.py: 0
[2013-11-09 16:24:21] EDIT Books/controllers/book.py: 0
[2013-11-09 16:43:23] EDIT Books/controllers/book.py: 1
[2013-11-09 16:44:41] EDIT Books/controllers/book.py: 0
[2013-11-09 16:47:12] EDIT Books/controllers/book.py: 0
[2013-11-09 16:48:29] EDIT Books/models/db.py: 0
[2013-11-09 16:48:36] EDIT Books/controllers/book.py: 0
[2013-11-09 16:50:02] EDIT Books/models/db.py: 0
[2013-11-09 16:56:21] EDIT Books/controllers/book.py: 0
[2013-11-09 16:58:48] EDIT Books/controllers/book.py: 0
[2013-11-09 17:00:10] EDIT Books/controllers/book.py: 0
[2013-11-09 17:00:22] EDIT Books/controllers/book.py: -1
[2013-11-09 17:02:16] EDIT Books/models/db.py: 0
[2013-11-09 17:05:32] EDIT Books/controllers/book.py: 0
[2013-11-09 17:05:34] EDIT Books/controllers/book.py: 0
[2013-11-09 17:05:35] EDIT Books/controllers/book.py: 0
[2013-11-09 17:16:57] EDIT Books/controllers/default.py: 4
[2013-11-09 17:17:27] EDIT Books/views/default/index.html: 1
[2013-11-09 17:17:30] EDIT Books/views/default/index.html: 0
[2013-11-09 17:17:30] EDIT Books/views/default/index.html: 0
[2013-11-09 17:18:46] EDIT Books/controllers/default.py: 0
[2013-11-09 17:33:32] EDIT Books/controllers/book.py: 2
[2013-11-09 17:34:06] EDIT Books/controllers/book.py: -2
[2013-11-09 17:37:39] EDIT Books/controllers/book.py: 0
[2013-11-09 23:54:12] CREATE book/all.html: 0
[2013-11-09 23:54:31] EDIT Books/views/book/all.html: 1
[2013-11-09 23:55:10] EDIT Books/controllers/book.py: 6
[2013-11-10 00:06:26] EDIT Books/controllers/book.py: 0
[2013-11-10 00:07:16] EDIT Books/controllers/book.py: 0
[2013-11-10 00:07:37] EDIT Books/views/book/all.html: 0
[2013-11-10 00:09:09] EDIT Books/views/book/all.html: 0
[2013-11-10 00:09:09] EDIT Books/views/book/all.html: 0
[2013-11-10 00:09:09] EDIT Books/views/book/all.html: 0
[2013-11-10 00:09:10] EDIT Books/views/book/all.html: 0
[2013-11-10 00:09:10] EDIT Books/views/book/all.html: 0
[2013-11-10 00:09:10] EDIT Books/views/book/all.html: 0
[2013-11-10 00:09:14] EDIT Books/controllers/book.py: 0
[2013-11-10 00:09:15] EDIT Books/controllers/book.py: 0
[2013-11-10 00:12:45] EDIT Books/controllers/book.py: -1
[2013-11-10 00:13:40] EDIT Books/views/book/all.html: 0
[2013-11-10 00:13:58] EDIT Books/views/book/all.html: -1
